[0.107s] DEBUG:colcon:Command line arguments: ['/usr/bin/colcon', 'build']
[0.108s] DEBUG:colcon:Parsed command line arguments: Namespace(log_base=None, log_level=None, verb_name='build', build_base='build', install_base='install', merge_install=False, symlink_install=False, test_result_base=None, continue_on_error=False, executor='parallel', parallel_workers=12, event_handlers=None, ignore_user_meta=False, metas=['./colcon.meta'], base_paths=['.'], packages_ignore=None, packages_ignore_regex=None, paths=None, packages_up_to=None, packages_up_to_regex=None, packages_above=None, packages_above_and_dependencies=None, packages_above_depth=None, packages_select_by_dep=None, packages_skip_by_dep=None, packages_skip_up_to=None, packages_select_build_failed=False, packages_skip_build_finished=False, packages_select_test_failures=False, packages_skip_test_passed=False, packages_select=None, packages_skip=None, packages_select_regex=None, packages_skip_regex=None, packages_start=None, packages_end=None, allow_overriding=[], cmake_args=None, cmake_target=None, cmake_target_skip_unavailable=False, cmake_clean_cache=False, cmake_clean_first=False, cmake_force_configure=False, ament_cmake_args=None, catkin_cmake_args=None, catkin_skip_building_tests=False, mixin_files=None, mixin=None, verb_parser=<colcon_mixin.mixin.mixin_argument.MixinArgumentDecorator object at 0x7b61b21355a0>, verb_extension=<colcon_core.verb.build.BuildVerb object at 0x7b61b2134b50>, main=<bound method BuildVerb.main of <colcon_core.verb.build.BuildVerb object at 0x7b61b2134b50>>, mixin_verb=('build',))
[0.140s] Level 1:colcon.colcon_core.package_discovery:discover_packages(colcon_meta) check parameters
[0.140s] Level 1:colcon.colcon_core.package_discovery:discover_packages(recursive) check parameters
[0.140s] Level 1:colcon.colcon_core.package_discovery:discover_packages(ignore) check parameters
[0.140s] Level 1:colcon.colcon_core.package_discovery:discover_packages(path) check parameters
[0.140s] Level 1:colcon.colcon_core.package_discovery:discover_packages(colcon_meta) discover
[0.140s] Level 1:colcon.colcon_core.package_discovery:discover_packages(recursive) discover
[0.140s] INFO:colcon.colcon_core.package_discovery:Crawling recursively for packages in '/home/addinedu/test/test_project'
[0.140s] Level 1:colcon.colcon_core.package_identification:_identify(.) by extensions ['ignore', 'ignore_ament_install']
[0.140s] Level 1:colcon.colcon_core.package_identification:_identify(.) by extension 'ignore'
[0.141s] Level 1:colcon.colcon_core.package_identification:_identify(.) by extension 'ignore_ament_install'
[0.141s] Level 1:colcon.colcon_core.package_identification:_identify(.) by extensions ['colcon_pkg']
[0.141s] Level 1:colcon.colcon_core.package_identification:_identify(.) by extension 'colcon_pkg'
[0.141s] Level 1:colcon.colcon_core.package_identification:_identify(.) by extensions ['colcon_meta']
[0.141s] Level 1:colcon.colcon_core.package_identification:_identify(.) by extension 'colcon_meta'
[0.141s] Level 1:colcon.colcon_core.package_identification:_identify(.) by extensions ['ros']
[0.141s] Level 1:colcon.colcon_core.package_identification:_identify(.) by extension 'ros'
[0.155s] Level 1:colcon.colcon_core.package_identification:_identify(.) by extensions ['cmake', 'python']
[0.155s] Level 1:colcon.colcon_core.package_identification:_identify(.) by extension 'cmake'
[0.155s] Level 1:colcon.colcon_core.package_identification:_identify(.) by extension 'python'
[0.155s] Level 1:colcon.colcon_core.package_identification:_identify(.) by extensions ['python_setup_py']
[0.155s] Level 1:colcon.colcon_core.package_identification:_identify(.) by extension 'python_setup_py'
[0.155s] Level 1:colcon.colcon_core.package_identification:_identify(build) by extensions ['ignore', 'ignore_ament_install']
[0.155s] Level 1:colcon.colcon_core.package_identification:_identify(build) by extension 'ignore'
[0.155s] Level 1:colcon.colcon_core.package_identification:_identify(build) ignored
[0.155s] Level 1:colcon.colcon_core.package_identification:_identify(install) by extensions ['ignore', 'ignore_ament_install']
[0.155s] Level 1:colcon.colcon_core.package_identification:_identify(install) by extension 'ignore'
[0.155s] Level 1:colcon.colcon_core.package_identification:_identify(install) ignored
[0.155s] Level 1:colcon.colcon_core.package_identification:_identify(log) by extensions ['ignore', 'ignore_ament_install']
[0.155s] Level 1:colcon.colcon_core.package_identification:_identify(log) by extension 'ignore'
[0.155s] Level 1:colcon.colcon_core.package_identification:_identify(log) ignored
[0.155s] Level 1:colcon.colcon_core.package_identification:_identify(src) by extensions ['ignore', 'ignore_ament_install']
[0.156s] Level 1:colcon.colcon_core.package_identification:_identify(src) by extension 'ignore'
[0.156s] Level 1:colcon.colcon_core.package_identification:_identify(src) by extension 'ignore_ament_install'
[0.156s] Level 1:colcon.colcon_core.package_identification:_identify(src) by extensions ['colcon_pkg']
[0.156s] Level 1:colcon.colcon_core.package_identification:_identify(src) by extension 'colcon_pkg'
[0.156s] Level 1:colcon.colcon_core.package_identification:_identify(src) by extensions ['colcon_meta']
[0.156s] Level 1:colcon.colcon_core.package_identification:_identify(src) by extension 'colcon_meta'
[0.156s] Level 1:colcon.colcon_core.package_identification:_identify(src) by extensions ['ros']
[0.156s] Level 1:colcon.colcon_core.package_identification:_identify(src) by extension 'ros'
[0.156s] Level 1:colcon.colcon_core.package_identification:_identify(src) by extensions ['cmake', 'python']
[0.156s] Level 1:colcon.colcon_core.package_identification:_identify(src) by extension 'cmake'
[0.156s] Level 1:colcon.colcon_core.package_identification:_identify(src) by extension 'python'
[0.156s] Level 1:colcon.colcon_core.package_identification:_identify(src) by extensions ['python_setup_py']
[0.156s] Level 1:colcon.colcon_core.package_identification:_identify(src) by extension 'python_setup_py'
[0.156s] Level 1:colcon.colcon_core.package_identification:_identify(src/test_package) by extensions ['ignore', 'ignore_ament_install']
[0.156s] Level 1:colcon.colcon_core.package_identification:_identify(src/test_package) by extension 'ignore'
[0.156s] Level 1:colcon.colcon_core.package_identification:_identify(src/test_package) by extension 'ignore_ament_install'
[0.156s] Level 1:colcon.colcon_core.package_identification:_identify(src/test_package) by extensions ['colcon_pkg']
[0.156s] Level 1:colcon.colcon_core.package_identification:_identify(src/test_package) by extension 'colcon_pkg'
[0.156s] Level 1:colcon.colcon_core.package_identification:_identify(src/test_package) by extensions ['colcon_meta']
[0.156s] Level 1:colcon.colcon_core.package_identification:_identify(src/test_package) by extension 'colcon_meta'
[0.156s] Level 1:colcon.colcon_core.package_identification:_identify(src/test_package) by extensions ['ros']
[0.156s] Level 1:colcon.colcon_core.package_identification:_identify(src/test_package) by extension 'ros'
[0.159s] DEBUG:colcon.colcon_core.package_identification:Package 'src/test_package' with type 'ros.ament_python' and name 'test_package'
[0.159s] Level 1:colcon.colcon_core.package_identification:_identify(src/test_package_msg) by extensions ['ignore', 'ignore_ament_install']
[0.159s] Level 1:colcon.colcon_core.package_identification:_identify(src/test_package_msg) by extension 'ignore'
[0.159s] Level 1:colcon.colcon_core.package_identification:_identify(src/test_package_msg) by extension 'ignore_ament_install'
[0.159s] Level 1:colcon.colcon_core.package_identification:_identify(src/test_package_msg) by extensions ['colcon_pkg']
[0.159s] Level 1:colcon.colcon_core.package_identification:_identify(src/test_package_msg) by extension 'colcon_pkg'
[0.159s] Level 1:colcon.colcon_core.package_identification:_identify(src/test_package_msg) by extensions ['colcon_meta']
[0.159s] Level 1:colcon.colcon_core.package_identification:_identify(src/test_package_msg) by extension 'colcon_meta'
[0.159s] Level 1:colcon.colcon_core.package_identification:_identify(src/test_package_msg) by extensions ['ros']
[0.159s] Level 1:colcon.colcon_core.package_identification:_identify(src/test_package_msg) by extension 'ros'
[0.159s] DEBUG:colcon.colcon_core.package_identification:Package 'src/test_package_msg' with type 'ros.ament_cmake' and name 'test_package_msg'
[0.159s] Level 1:colcon.colcon_core.package_discovery:discover_packages(recursive) using defaults
[0.159s] Level 1:colcon.colcon_core.package_discovery:discover_packages(ignore) discover
[0.159s] Level 1:colcon.colcon_core.package_discovery:discover_packages(ignore) using defaults
[0.159s] Level 1:colcon.colcon_core.package_discovery:discover_packages(path) discover
[0.159s] Level 1:colcon.colcon_core.package_discovery:discover_packages(path) using defaults
[0.178s] Level 1:colcon.colcon_core.package_discovery:discover_packages(prefix_path) check parameters
[0.178s] Level 1:colcon.colcon_core.package_discovery:discover_packages(prefix_path) discover
[0.179s] DEBUG:colcon.colcon_installed_package_information.package_discovery:Found 2 installed packages in /home/addinedu/test/test_project/install
[0.180s] DEBUG:colcon.colcon_installed_package_information.package_discovery:Found 7 installed packages in /home/addinedu/amr_ws/pinkbot/install
[0.181s] DEBUG:colcon.colcon_installed_package_information.package_discovery:Found 401 installed packages in /opt/ros/humble
[0.183s] Level 1:colcon.colcon_core.package_discovery:discover_packages(prefix_path) using defaults
[0.229s] Level 5:colcon.colcon_core.verb:set package 'test_package' build argument 'cmake_args' from command line to 'None'
[0.229s] Level 5:colcon.colcon_core.verb:set package 'test_package' build argument 'cmake_target' from command line to 'None'
[0.229s] Level 5:colcon.colcon_core.verb:set package 'test_package' build argument 'cmake_target_skip_unavailable' from command line to 'False'
[0.229s] Level 5:colcon.colcon_core.verb:set package 'test_package' build argument 'cmake_clean_cache' from command line to 'False'
[0.229s] Level 5:colcon.colcon_core.verb:set package 'test_package' build argument 'cmake_clean_first' from command line to 'False'
[0.229s] Level 5:colcon.colcon_core.verb:set package 'test_package' build argument 'cmake_force_configure' from command line to 'False'
[0.229s] Level 5:colcon.colcon_core.verb:set package 'test_package' build argument 'ament_cmake_args' from command line to 'None'
[0.229s] Level 5:colcon.colcon_core.verb:set package 'test_package' build argument 'catkin_cmake_args' from command line to 'None'
[0.229s] Level 5:colcon.colcon_core.verb:set package 'test_package' build argument 'catkin_skip_building_tests' from command line to 'False'
[0.229s] DEBUG:colcon.colcon_core.verb:Building package 'test_package' with the following arguments: {'ament_cmake_args': None, 'build_base': '/home/addinedu/test/test_project/build/test_package', 'catkin_cmake_args': None, 'catkin_skip_building_tests': False, 'cmake_args': None, 'cmake_clean_cache': False, 'cmake_clean_first': False, 'cmake_force_configure': False, 'cmake_target': None, 'cmake_target_skip_unavailable': False, 'install_base': '/home/addinedu/test/test_project/install/test_package', 'merge_install': False, 'path': '/home/addinedu/test/test_project/src/test_package', 'symlink_install': False, 'test_result_base': None}
[0.229s] Level 5:colcon.colcon_core.verb:set package 'test_package_msg' build argument 'cmake_args' from command line to 'None'
[0.229s] Level 5:colcon.colcon_core.verb:set package 'test_package_msg' build argument 'cmake_target' from command line to 'None'
[0.229s] Level 5:colcon.colcon_core.verb:set package 'test_package_msg' build argument 'cmake_target_skip_unavailable' from command line to 'False'
[0.229s] Level 5:colcon.colcon_core.verb:set package 'test_package_msg' build argument 'cmake_clean_cache' from command line to 'False'
[0.229s] Level 5:colcon.colcon_core.verb:set package 'test_package_msg' build argument 'cmake_clean_first' from command line to 'False'
[0.229s] Level 5:colcon.colcon_core.verb:set package 'test_package_msg' build argument 'cmake_force_configure' from command line to 'False'
[0.229s] Level 5:colcon.colcon_core.verb:set package 'test_package_msg' build argument 'ament_cmake_args' from command line to 'None'
[0.229s] Level 5:colcon.colcon_core.verb:set package 'test_package_msg' build argument 'catkin_cmake_args' from command line to 'None'
[0.229s] Level 5:colcon.colcon_core.verb:set package 'test_package_msg' build argument 'catkin_skip_building_tests' from command line to 'False'
[0.229s] DEBUG:colcon.colcon_core.verb:Building package 'test_package_msg' with the following arguments: {'ament_cmake_args': None, 'build_base': '/home/addinedu/test/test_project/build/test_package_msg', 'catkin_cmake_args': None, 'catkin_skip_building_tests': False, 'cmake_args': None, 'cmake_clean_cache': False, 'cmake_clean_first': False, 'cmake_force_configure': False, 'cmake_target': None, 'cmake_target_skip_unavailable': False, 'install_base': '/home/addinedu/test/test_project/install/test_package_msg', 'merge_install': False, 'path': '/home/addinedu/test/test_project/src/test_package_msg', 'symlink_install': False, 'test_result_base': None}
[0.229s] INFO:colcon.colcon_core.executor:Executing jobs using 'parallel' executor
[0.230s] DEBUG:colcon.colcon_parallel_executor.executor.parallel:run_until_complete
[0.231s] INFO:colcon.colcon_ros.task.ament_python.build:Building ROS package in '/home/addinedu/test/test_project/src/test_package' with build type 'ament_python'
[0.231s] Level 1:colcon.colcon_core.shell:create_environment_hook('test_package', 'ament_prefix_path')
[0.232s] INFO:colcon.colcon_core.plugin_system:Skipping extension 'colcon_core.shell.bat': Not used on non-Windows systems
[0.233s] INFO:colcon.colcon_core.shell:Creating environment hook '/home/addinedu/test/test_project/install/test_package/share/test_package/hook/ament_prefix_path.ps1'
[0.233s] INFO:colcon.colcon_core.shell:Creating environment descriptor '/home/addinedu/test/test_project/install/test_package/share/test_package/hook/ament_prefix_path.dsv'
[0.233s] INFO:colcon.colcon_core.shell:Creating environment hook '/home/addinedu/test/test_project/install/test_package/share/test_package/hook/ament_prefix_path.sh'
[0.234s] INFO:colcon.colcon_core.shell:Skip shell extension 'powershell' for command environment: Not usable outside of PowerShell
[0.234s] DEBUG:colcon.colcon_core.shell:Skip shell extension 'dsv' for command environment
[0.237s] INFO:colcon.colcon_ros.task.ament_cmake.build:Building ROS package in '/home/addinedu/test/test_project/src/test_package_msg' with build type 'ament_cmake'
[0.238s] INFO:colcon.colcon_cmake.task.cmake.build:Building CMake package in '/home/addinedu/test/test_project/src/test_package_msg'
[0.238s] INFO:colcon.colcon_core.shell:Skip shell extension 'powershell' for command environment: Not usable outside of PowerShell
[0.238s] DEBUG:colcon.colcon_core.shell:Skip shell extension 'dsv' for command environment
[0.467s] INFO:colcon.colcon_core.task.python.build:Building Python package in '/home/addinedu/test/test_project/src/test_package'
[0.467s] INFO:colcon.colcon_core.shell:Skip shell extension 'powershell' for command environment: Not usable outside of PowerShell
[0.467s] DEBUG:colcon.colcon_core.shell:Skip shell extension 'dsv' for command environment
[0.477s] DEBUG:colcon.colcon_core.event_handler.log_command:Invoking command in '/home/addinedu/test/test_project/build/test_package_msg': CMAKE_PREFIX_PATH=${CMAKE_PREFIX_PATH}:/home/addinedu/test/test_project/install/test_package:/opt/ros/humble /usr/bin/cmake --build /home/addinedu/test/test_project/build/test_package_msg -- -j12 -l12
[0.520s] DEBUG:colcon.colcon_core.event_handler.log_command:Invoked command in '/home/addinedu/test/test_project/build/test_package_msg' returned '0': CMAKE_PREFIX_PATH=${CMAKE_PREFIX_PATH}:/home/addinedu/test/test_project/install/test_package:/opt/ros/humble /usr/bin/cmake --build /home/addinedu/test/test_project/build/test_package_msg -- -j12 -l12
[0.549s] DEBUG:colcon.colcon_core.event_handler.log_command:Invoking command in '/home/addinedu/test/test_project/build/test_package_msg': CMAKE_PREFIX_PATH=${CMAKE_PREFIX_PATH}:/home/addinedu/test/test_project/install/test_package:/opt/ros/humble /usr/bin/cmake --install /home/addinedu/test/test_project/build/test_package_msg
[0.558s] Level 1:colcon.colcon_core.environment:create_environment_scripts_only(test_package_msg)
[0.559s] DEBUG:colcon.colcon_core.event_handler.log_command:Invoked command in '/home/addinedu/test/test_project/build/test_package_msg' returned '0': CMAKE_PREFIX_PATH=${CMAKE_PREFIX_PATH}:/home/addinedu/test/test_project/install/test_package:/opt/ros/humble /usr/bin/cmake --install /home/addinedu/test/test_project/build/test_package_msg
[0.561s] Level 1:colcon.colcon_core.environment:checking '/home/addinedu/test/test_project/install/test_package_msg' for CMake module files
[0.561s] Level 1:colcon.colcon_core.environment:checking '/home/addinedu/test/test_project/install/test_package_msg' for CMake config files
[0.561s] Level 1:colcon.colcon_core.shell:create_environment_hook('test_package_msg', 'cmake_prefix_path')
[0.562s] INFO:colcon.colcon_core.shell:Creating environment hook '/home/addinedu/test/test_project/install/test_package_msg/share/test_package_msg/hook/cmake_prefix_path.ps1'
[0.562s] INFO:colcon.colcon_core.shell:Creating environment descriptor '/home/addinedu/test/test_project/install/test_package_msg/share/test_package_msg/hook/cmake_prefix_path.dsv'
[0.562s] INFO:colcon.colcon_core.shell:Creating environment hook '/home/addinedu/test/test_project/install/test_package_msg/share/test_package_msg/hook/cmake_prefix_path.sh'
[0.563s] Level 1:colcon.colcon_core.environment:checking '/home/addinedu/test/test_project/install/test_package_msg/bin'
[0.563s] Level 1:colcon.colcon_core.environment:checking '/home/addinedu/test/test_project/install/test_package_msg/lib/pkgconfig/test_package_msg.pc'
[0.563s] Level 1:colcon.colcon_core.environment:checking '/home/addinedu/test/test_project/install/test_package_msg/lib/python3.10/site-packages'
[0.564s] Level 1:colcon.colcon_core.environment:checking '/home/addinedu/test/test_project/install/test_package_msg/bin'
[0.564s] INFO:colcon.colcon_core.shell:Creating package script '/home/addinedu/test/test_project/install/test_package_msg/share/test_package_msg/package.ps1'
[0.565s] INFO:colcon.colcon_core.shell:Creating package descriptor '/home/addinedu/test/test_project/install/test_package_msg/share/test_package_msg/package.dsv'
[0.565s] INFO:colcon.colcon_core.shell:Creating package script '/home/addinedu/test/test_project/install/test_package_msg/share/test_package_msg/package.sh'
[0.566s] INFO:colcon.colcon_core.shell:Creating package script '/home/addinedu/test/test_project/install/test_package_msg/share/test_package_msg/package.bash'
[0.567s] INFO:colcon.colcon_core.shell:Creating package script '/home/addinedu/test/test_project/install/test_package_msg/share/test_package_msg/package.zsh'
[0.567s] Level 1:colcon.colcon_core.environment:create_file_with_runtime_dependencies(/home/addinedu/test/test_project/install/test_package_msg/share/colcon-core/packages/test_package_msg)
[0.587s] Level 1:colcon.colcon_core.environment:create_environment_scripts_only(test_package_msg)
[0.587s] Level 1:colcon.colcon_core.environment:checking '/home/addinedu/test/test_project/install/test_package_msg' for CMake module files
[0.587s] Level 1:colcon.colcon_core.environment:checking '/home/addinedu/test/test_project/install/test_package_msg' for CMake config files
[0.588s] Level 1:colcon.colcon_core.shell:create_environment_hook('test_package_msg', 'cmake_prefix_path')
[0.588s] INFO:colcon.colcon_core.shell:Creating environment hook '/home/addinedu/test/test_project/install/test_package_msg/share/test_package_msg/hook/cmake_prefix_path.ps1'
[0.589s] INFO:colcon.colcon_core.shell:Creating environment descriptor '/home/addinedu/test/test_project/install/test_package_msg/share/test_package_msg/hook/cmake_prefix_path.dsv'
[0.589s] INFO:colcon.colcon_core.shell:Creating environment hook '/home/addinedu/test/test_project/install/test_package_msg/share/test_package_msg/hook/cmake_prefix_path.sh'
[0.590s] Level 1:colcon.colcon_core.environment:checking '/home/addinedu/test/test_project/install/test_package_msg/bin'
[0.590s] Level 1:colcon.colcon_core.environment:checking '/home/addinedu/test/test_project/install/test_package_msg/lib/pkgconfig/test_package_msg.pc'
[0.590s] Level 1:colcon.colcon_core.environment:checking '/home/addinedu/test/test_project/install/test_package_msg/lib/python3.10/site-packages'
[0.590s] Level 1:colcon.colcon_core.environment:checking '/home/addinedu/test/test_project/install/test_package_msg/bin'
[0.591s] INFO:colcon.colcon_core.shell:Creating package script '/home/addinedu/test/test_project/install/test_package_msg/share/test_package_msg/package.ps1'
[0.591s] INFO:colcon.colcon_core.shell:Creating package descriptor '/home/addinedu/test/test_project/install/test_package_msg/share/test_package_msg/package.dsv'
[0.592s] INFO:colcon.colcon_core.shell:Creating package script '/home/addinedu/test/test_project/install/test_package_msg/share/test_package_msg/package.sh'
[0.592s] INFO:colcon.colcon_core.shell:Creating package script '/home/addinedu/test/test_project/install/test_package_msg/share/test_package_msg/package.bash'
[0.593s] INFO:colcon.colcon_core.shell:Creating package script '/home/addinedu/test/test_project/install/test_package_msg/share/test_package_msg/package.zsh'
[0.593s] Level 1:colcon.colcon_core.environment:create_file_with_runtime_dependencies(/home/addinedu/test/test_project/install/test_package_msg/share/colcon-core/packages/test_package_msg)
[1.118s] DEBUG:colcon.colcon_core.event_handler.log_command:Invoking command in '/home/addinedu/test/test_project/src/test_package': PYTHONPATH=/home/addinedu/test/test_project/build/test_package/prefix_override:/home/addinedu/test/test_project/install/test_package/lib/python3.10/site-packages:${PYTHONPATH} /usr/bin/python3 -W ignore:setup.py install is deprecated setup.py egg_info --egg-base ../../build/test_package build --build-base /home/addinedu/test/test_project/build/test_package/build install --record /home/addinedu/test/test_project/build/test_package/install.log --single-version-externally-managed install_data
[1.687s] Level 1:colcon.colcon_core.environment:checking '/home/addinedu/test/test_project/install/test_package' for CMake module files
[1.687s] DEBUG:colcon.colcon_core.event_handler.log_command:Invoked command in '/home/addinedu/test/test_project/src/test_package' returned '0': PYTHONPATH=/home/addinedu/test/test_project/build/test_package/prefix_override:/home/addinedu/test/test_project/install/test_package/lib/python3.10/site-packages:${PYTHONPATH} /usr/bin/python3 -W ignore:setup.py install is deprecated setup.py egg_info --egg-base ../../build/test_package build --build-base /home/addinedu/test/test_project/build/test_package/build install --record /home/addinedu/test/test_project/build/test_package/install.log --single-version-externally-managed install_data
[1.688s] Level 1:colcon.colcon_core.environment:checking '/home/addinedu/test/test_project/install/test_package' for CMake config files
[1.688s] Level 1:colcon.colcon_core.environment:checking '/home/addinedu/test/test_project/install/test_package/lib'
[1.689s] Level 1:colcon.colcon_core.environment:checking '/home/addinedu/test/test_project/install/test_package/bin'
[1.689s] Level 1:colcon.colcon_core.environment:checking '/home/addinedu/test/test_project/install/test_package/lib/pkgconfig/test_package.pc'
[1.689s] Level 1:colcon.colcon_core.environment:checking '/home/addinedu/test/test_project/install/test_package/lib/python3.10/site-packages'
[1.689s] Level 1:colcon.colcon_core.shell:create_environment_hook('test_package', 'pythonpath')
[1.690s] INFO:colcon.colcon_core.shell:Creating environment hook '/home/addinedu/test/test_project/install/test_package/share/test_package/hook/pythonpath.ps1'
[1.691s] INFO:colcon.colcon_core.shell:Creating environment descriptor '/home/addinedu/test/test_project/install/test_package/share/test_package/hook/pythonpath.dsv'
[1.691s] INFO:colcon.colcon_core.shell:Creating environment hook '/home/addinedu/test/test_project/install/test_package/share/test_package/hook/pythonpath.sh'
[1.691s] Level 1:colcon.colcon_core.environment:checking '/home/addinedu/test/test_project/install/test_package/bin'
[1.692s] Level 1:colcon.colcon_core.environment:create_environment_scripts_only(test_package)
[1.692s] INFO:colcon.colcon_core.shell:Creating package script '/home/addinedu/test/test_project/install/test_package/share/test_package/package.ps1'
[1.692s] INFO:colcon.colcon_core.shell:Creating package descriptor '/home/addinedu/test/test_project/install/test_package/share/test_package/package.dsv'
[1.693s] INFO:colcon.colcon_core.shell:Creating package script '/home/addinedu/test/test_project/install/test_package/share/test_package/package.sh'
[1.693s] INFO:colcon.colcon_core.shell:Creating package script '/home/addinedu/test/test_project/install/test_package/share/test_package/package.bash'
[1.693s] INFO:colcon.colcon_core.shell:Creating package script '/home/addinedu/test/test_project/install/test_package/share/test_package/package.zsh'
[1.694s] Level 1:colcon.colcon_core.environment:create_file_with_runtime_dependencies(/home/addinedu/test/test_project/install/test_package/share/colcon-core/packages/test_package)
[1.694s] DEBUG:colcon.colcon_parallel_executor.executor.parallel:closing loop
[1.694s] DEBUG:colcon.colcon_parallel_executor.executor.parallel:loop closed
[1.694s] DEBUG:colcon.colcon_parallel_executor.executor.parallel:run_until_complete finished with '0'
[1.694s] DEBUG:colcon.colcon_core.event_reactor:joining thread
[1.699s] INFO:colcon.colcon_core.plugin_system:Skipping extension 'colcon_notification.desktop_notification.terminal_notifier': Not used on non-Darwin systems
[1.699s] INFO:colcon.colcon_core.plugin_system:Skipping extension 'colcon_notification.desktop_notification.win32': Not used on non-Windows systems
[1.699s] INFO:colcon.colcon_notification.desktop_notification:Sending desktop notification using 'notify2'
[1.719s] DEBUG:colcon.colcon_core.event_reactor:joined thread
[1.720s] INFO:colcon.colcon_core.shell:Creating prefix script '/home/addinedu/test/test_project/install/local_setup.ps1'
[1.721s] INFO:colcon.colcon_core.shell:Creating prefix util module '/home/addinedu/test/test_project/install/_local_setup_util_ps1.py'
[1.723s] INFO:colcon.colcon_core.shell:Creating prefix chain script '/home/addinedu/test/test_project/install/setup.ps1'
[1.727s] INFO:colcon.colcon_core.shell:Creating prefix script '/home/addinedu/test/test_project/install/local_setup.sh'
[1.728s] INFO:colcon.colcon_core.shell:Creating prefix util module '/home/addinedu/test/test_project/install/_local_setup_util_sh.py'
[1.729s] INFO:colcon.colcon_core.shell:Creating prefix chain script '/home/addinedu/test/test_project/install/setup.sh'
[1.732s] INFO:colcon.colcon_core.shell:Creating prefix script '/home/addinedu/test/test_project/install/local_setup.bash'
[1.734s] INFO:colcon.colcon_core.shell:Creating prefix chain script '/home/addinedu/test/test_project/install/setup.bash'
[1.736s] INFO:colcon.colcon_core.shell:Creating prefix script '/home/addinedu/test/test_project/install/local_setup.zsh'
[1.737s] INFO:colcon.colcon_core.shell:Creating prefix chain script '/home/addinedu/test/test_project/install/setup.zsh'
